<?xml version="1.0" encoding="UTF-8"?>
<testng-results skipped="0" failed="2" ignored="0" total="4" passed="2">
  <reporter-output>
  </reporter-output>
  <suite name="AmazonRegressionSuite" duration-ms="106425" started-at="2022-02-10T11:44:54 IST" finished-at="2022-02-10T11:46:41 IST">
    <groups>
    </groups>
    <test name="AmazonRegression" duration-ms="106425" started-at="2022-02-10T11:44:54 IST" finished-at="2022-02-10T11:46:41 IST">
      <class name="com.amazon.tests.Home">
        <test-method status="PASS" signature="preStep()[pri:0, instance:com.amazon.tests.Home@a7e666]" name="preStep" is-config="true" duration-ms="13176" started-at="2022-02-10T11:44:58 IST" finished-at="2022-02-10T11:45:11 IST">
          <reporter-output>
          </reporter-output>
        </test-method> <!-- preStep -->
        <test-method status="PASS" signature="initTestCase()[pri:0, instance:com.amazon.tests.Home@a7e666]" name="initTestCase" is-config="true" duration-ms="13231" started-at="2022-02-10T11:45:11 IST" finished-at="2022-02-10T11:45:24 IST">
          <reporter-output>
          </reporter-output>
        </test-method> <!-- initTestCase -->
        <test-method status="PASS" signature="testHome(java.lang.String)[pri:0, instance:com.amazon.tests.Home@a7e666]" name="testHome" duration-ms="6453" started-at="2022-02-10T11:45:24 IST" data-provider="getTestCase" finished-at="2022-02-10T11:45:31 IST">
          <params>
            <param index="0">
              <value>
                <![CDATA[Search]]>
              </value>
            </param>
          </params>
          <reporter-output>
          </reporter-output>
        </test-method> <!-- testHome -->
        <test-method status="PASS" signature="finishTestCase()[pri:0, instance:com.amazon.tests.Home@a7e666]" name="finishTestCase" is-config="true" duration-ms="3312" started-at="2022-02-10T11:45:31 IST" finished-at="2022-02-10T11:45:34 IST">
          <reporter-output>
          </reporter-output>
        </test-method> <!-- finishTestCase -->
        <test-method status="PASS" signature="initTestCase()[pri:0, instance:com.amazon.tests.Home@a7e666]" name="initTestCase" is-config="true" duration-ms="1952" started-at="2022-02-10T11:45:34 IST" finished-at="2022-02-10T11:45:36 IST">
          <reporter-output>
          </reporter-output>
        </test-method> <!-- initTestCase -->
        <test-method status="FAIL" signature="testHome(java.lang.String)[pri:0, instance:com.amazon.tests.Home@a7e666]" name="testHome" duration-ms="6787" started-at="2022-02-10T11:45:36 IST" data-provider="getTestCase" finished-at="2022-02-10T11:45:43 IST">
          <params>
            <param index="0">
              <value>
                <![CDATA[About_Us]]>
              </value>
            </param>
          </params>
          <exception class="java.lang.AssertionError">
            <message>
              <![CDATA[expected [Amazon India transforms small business in India1] but found [About Amazon India | Homepage - About Amazon India]]]>
            </message>
            <full-stacktrace>
              <![CDATA[java.lang.AssertionError: expected [Amazon India transforms small business in India1] but found [About Amazon India | Homepage - About Amazon India]
at org.testng.Assert.fail(Assert.java:99)
at org.testng.Assert.failNotEquals(Assert.java:1037)
at org.testng.Assert.assertEqualsImpl(Assert.java:140)
at org.testng.Assert.assertEquals(Assert.java:122)
at org.testng.Assert.assertEquals(Assert.java:629)
at org.testng.Assert.assertEquals(Assert.java:639)
at com.amazon.framework.Base.validatePageTitle(Base.java:71)
at com.amazon.ui.HomePage.validateResultPage(HomePage.java:61)
at com.amazon.tests.Home.testHome(Home.java:38)
at sun.reflect.NativeMethodAccessorImpl.invoke0(Native Method)
at sun.reflect.NativeMethodAccessorImpl.invoke(NativeMethodAccessorImpl.java:62)
at sun.reflect.DelegatingMethodAccessorImpl.invoke(DelegatingMethodAccessorImpl.java:43)
at java.lang.reflect.Method.invoke(Method.java:498)
at org.testng.internal.MethodInvocationHelper.invokeMethod(MethodInvocationHelper.java:133)
at org.testng.internal.TestInvoker.invokeMethod(TestInvoker.java:598)
at org.testng.internal.TestInvoker.invokeTestMethod(TestInvoker.java:173)
at org.testng.internal.MethodRunner.runInSequence(MethodRunner.java:46)
at org.testng.internal.TestInvoker$MethodInvocationAgent.invoke(TestInvoker.java:824)
at org.testng.internal.TestInvoker.invokeTestMethods(TestInvoker.java:146)
at org.testng.internal.TestMethodWorker.invokeTestMethods(TestMethodWorker.java:146)
at org.testng.internal.TestMethodWorker.run(TestMethodWorker.java:128)
at java.util.ArrayList.forEach(ArrayList.java:1259)
at org.testng.TestRunner.privateRun(TestRunner.java:794)
at org.testng.TestRunner.run(TestRunner.java:596)
at org.testng.SuiteRunner.runTest(SuiteRunner.java:377)
at org.testng.SuiteRunner.runSequentially(SuiteRunner.java:371)
at org.testng.SuiteRunner.privateRun(SuiteRunner.java:332)
at org.testng.SuiteRunner.run(SuiteRunner.java:276)
at org.testng.SuiteRunnerWorker.runSuite(SuiteRunnerWorker.java:53)
at org.testng.SuiteRunnerWorker.run(SuiteRunnerWorker.java:96)
at org.testng.TestNG.runSuitesSequentially(TestNG.java:1212)
at org.testng.TestNG.runSuitesLocally(TestNG.java:1134)
at org.testng.TestNG.runSuites(TestNG.java:1063)
at org.testng.TestNG.run(TestNG.java:1031)
at org.apache.maven.surefire.testng.TestNGExecutor.run(TestNGExecutor.java:284)
at org.apache.maven.surefire.testng.TestNGXmlTestSuite.execute(TestNGXmlTestSuite.java:75)
at org.apache.maven.surefire.testng.TestNGProvider.invoke(TestNGProvider.java:119)
at org.apache.maven.surefire.booter.ForkedBooter.runSuitesInProcess(ForkedBooter.java:428)
at org.apache.maven.surefire.booter.ForkedBooter.execute(ForkedBooter.java:162)
at org.apache.maven.surefire.booter.ForkedBooter.run(ForkedBooter.java:562)
at org.apache.maven.surefire.booter.ForkedBooter.main(ForkedBooter.java:548)
]]>
            </full-stacktrace>
          </exception> <!-- java.lang.AssertionError -->
          <reporter-output>
          </reporter-output>
        </test-method> <!-- testHome -->
        <test-method status="PASS" signature="finishTestCase()[pri:0, instance:com.amazon.tests.Home@a7e666]" name="finishTestCase" is-config="true" duration-ms="2678" started-at="2022-02-10T11:45:43 IST" finished-at="2022-02-10T11:45:46 IST">
          <reporter-output>
          </reporter-output>
        </test-method> <!-- finishTestCase -->
        <test-method status="PASS" signature="initTestCase()[pri:0, instance:com.amazon.tests.Home@a7e666]" name="initTestCase" is-config="true" duration-ms="2638" started-at="2022-02-10T11:45:46 IST" finished-at="2022-02-10T11:45:48 IST">
          <reporter-output>
          </reporter-output>
        </test-method> <!-- initTestCase -->
        <test-method status="FAIL" signature="testHome(java.lang.String)[pri:0, instance:com.amazon.tests.Home@a7e666]" name="testHome" duration-ms="13273" started-at="2022-02-10T11:45:48 IST" data-provider="getTestCase" finished-at="2022-02-10T11:46:02 IST">
          <params>
            <param index="0">
              <value>
                <![CDATA[Tab_Navigation]]>
              </value>
            </param>
          </params>
          <exception class="java.lang.AssertionError">
            <message>
              <![CDATA[expected [Amazon Fashion: Clothing, Footwear and Accessories online for Men, Women and Kids] but found [Help - Amazon Customer Service]]]>
            </message>
            <full-stacktrace>
              <![CDATA[java.lang.AssertionError: expected [Amazon Fashion: Clothing, Footwear and Accessories online for Men, Women and Kids] but found [Help - Amazon Customer Service]
at org.testng.Assert.fail(Assert.java:99)
at org.testng.Assert.failNotEquals(Assert.java:1037)
at org.testng.Assert.assertEqualsImpl(Assert.java:140)
at org.testng.Assert.assertEquals(Assert.java:122)
at org.testng.Assert.assertEquals(Assert.java:629)
at org.testng.Assert.assertEquals(Assert.java:639)
at com.amazon.framework.Base.validatePageTitle(Base.java:71)
at com.amazon.ui.HomePage.navigateTab(HomePage.java:92)
at com.amazon.tests.Home.testHome(Home.java:42)
at sun.reflect.NativeMethodAccessorImpl.invoke0(Native Method)
at sun.reflect.NativeMethodAccessorImpl.invoke(NativeMethodAccessorImpl.java:62)
at sun.reflect.DelegatingMethodAccessorImpl.invoke(DelegatingMethodAccessorImpl.java:43)
at java.lang.reflect.Method.invoke(Method.java:498)
at org.testng.internal.MethodInvocationHelper.invokeMethod(MethodInvocationHelper.java:133)
at org.testng.internal.TestInvoker.invokeMethod(TestInvoker.java:598)
at org.testng.internal.TestInvoker.invokeTestMethod(TestInvoker.java:173)
at org.testng.internal.MethodRunner.runInSequence(MethodRunner.java:46)
at org.testng.internal.TestInvoker$MethodInvocationAgent.invoke(TestInvoker.java:824)
at org.testng.internal.TestInvoker.invokeTestMethods(TestInvoker.java:146)
at org.testng.internal.TestMethodWorker.invokeTestMethods(TestMethodWorker.java:146)
at org.testng.internal.TestMethodWorker.run(TestMethodWorker.java:128)
at java.util.ArrayList.forEach(ArrayList.java:1259)
at org.testng.TestRunner.privateRun(TestRunner.java:794)
at org.testng.TestRunner.run(TestRunner.java:596)
at org.testng.SuiteRunner.runTest(SuiteRunner.java:377)
at org.testng.SuiteRunner.runSequentially(SuiteRunner.java:371)
at org.testng.SuiteRunner.privateRun(SuiteRunner.java:332)
at org.testng.SuiteRunner.run(SuiteRunner.java:276)
at org.testng.SuiteRunnerWorker.runSuite(SuiteRunnerWorker.java:53)
at org.testng.SuiteRunnerWorker.run(SuiteRunnerWorker.java:96)
at org.testng.TestNG.runSuitesSequentially(TestNG.java:1212)
at org.testng.TestNG.runSuitesLocally(TestNG.java:1134)
at org.testng.TestNG.runSuites(TestNG.java:1063)
at org.testng.TestNG.run(TestNG.java:1031)
at org.apache.maven.surefire.testng.TestNGExecutor.run(TestNGExecutor.java:284)
at org.apache.maven.surefire.testng.TestNGXmlTestSuite.execute(TestNGXmlTestSuite.java:75)
at org.apache.maven.surefire.testng.TestNGProvider.invoke(TestNGProvider.java:119)
at org.apache.maven.surefire.booter.ForkedBooter.runSuitesInProcess(ForkedBooter.java:428)
at org.apache.maven.surefire.booter.ForkedBooter.execute(ForkedBooter.java:162)
at org.apache.maven.surefire.booter.ForkedBooter.run(ForkedBooter.java:562)
at org.apache.maven.surefire.booter.ForkedBooter.main(ForkedBooter.java:548)
]]>
            </full-stacktrace>
          </exception> <!-- java.lang.AssertionError -->
          <reporter-output>
          </reporter-output>
        </test-method> <!-- testHome -->
        <test-method status="PASS" signature="finishTestCase()[pri:0, instance:com.amazon.tests.Home@a7e666]" name="finishTestCase" is-config="true" duration-ms="2484" started-at="2022-02-10T11:46:02 IST" finished-at="2022-02-10T11:46:04 IST">
          <reporter-output>
          </reporter-output>
        </test-method> <!-- finishTestCase -->
        <test-method status="PASS" signature="exitStep()[pri:0, instance:com.amazon.tests.Home@a7e666]" name="exitStep" is-config="true" duration-ms="3740" started-at="2022-02-10T11:46:04 IST" finished-at="2022-02-10T11:46:08 IST">
          <reporter-output>
          </reporter-output>
        </test-method> <!-- exitStep -->
      </class> <!-- com.amazon.tests.Home -->
      <class name="com.amazon.tests.HamburgerMenu">
        <test-method status="PASS" signature="preStep()[pri:0, instance:com.amazon.tests.HamburgerMenu@5a8806ef]" name="preStep" is-config="true" duration-ms="8499" started-at="2022-02-10T11:46:08 IST" finished-at="2022-02-10T11:46:17 IST">
          <reporter-output>
          </reporter-output>
        </test-method> <!-- preStep -->
        <test-method status="PASS" signature="initTestCase()[pri:0, instance:com.amazon.tests.HamburgerMenu@5a8806ef]" name="initTestCase" is-config="true" duration-ms="13595" started-at="2022-02-10T11:46:17 IST" finished-at="2022-02-10T11:46:30 IST">
          <reporter-output>
          </reporter-output>
        </test-method> <!-- initTestCase -->
        <test-method status="PASS" signature="testHamburgerMenu(java.lang.String)[pri:0, instance:com.amazon.tests.HamburgerMenu@5a8806ef]" name="testHamburgerMenu" duration-ms="5679" started-at="2022-02-10T11:46:30 IST" data-provider="getTestCase" finished-at="2022-02-10T11:46:36 IST">
          <params>
            <param index="0">
              <value>
                <![CDATA[Trending_Menu]]>
              </value>
            </param>
          </params>
          <reporter-output>
          </reporter-output>
        </test-method> <!-- testHamburgerMenu -->
        <test-method status="PASS" signature="finishTestCase()[pri:0, instance:com.amazon.tests.HamburgerMenu@5a8806ef]" name="finishTestCase" is-config="true" duration-ms="4475" started-at="2022-02-10T11:46:36 IST" finished-at="2022-02-10T11:46:40 IST">
          <reporter-output>
          </reporter-output>
        </test-method> <!-- finishTestCase -->
        <test-method status="PASS" signature="exitStep()[pri:0, instance:com.amazon.tests.HamburgerMenu@5a8806ef]" name="exitStep" is-config="true" duration-ms="486" started-at="2022-02-10T11:46:40 IST" finished-at="2022-02-10T11:46:41 IST">
          <reporter-output>
          </reporter-output>
        </test-method> <!-- exitStep -->
      </class> <!-- com.amazon.tests.HamburgerMenu -->
    </test> <!-- AmazonRegression -->
  </suite> <!-- AmazonRegressionSuite -->
</testng-results>
